<?xml version="1.0" encoding="UTF-8"?>
<testng-results skipped="0" failed="0" ignored="0" total="1" passed="1">
  <reporter-output>
  </reporter-output>
  <suite name="Default suite" duration-ms="3029" started-at="2021-07-14T03:41:28Z" finished-at="2021-07-14T03:41:31Z">
    <groups>
    </groups>
    <test name="Default test" duration-ms="3029" started-at="2021-07-14T03:41:28Z" finished-at="2021-07-14T03:41:31Z">
      <class name="com.accenture.Restassured.Get">
        <test-method status="PASS" signature="pathParameter()[pri:0, instance:com.accenture.Restassured.Get@59f99ea]" name="pathParameter" duration-ms="3001" started-at="2021-07-14T09:11:28Z" finished-at="2021-07-14T09:11:31Z">
          <reporter-output>
          </reporter-output>
        </test-method> <!-- pathParameter -->
      </class> <!-- com.accenture.Restassured.Get -->
    </test> <!-- Default test -->
  </suite> <!-- Default suite -->
</testng-results>
